This is pdfTeX, Version 3.141592653-2.6-1.40.24 (TeX Live 2022) (preloaded format=pdflatex 2023.3.15)  17 APR 2023 19:21
entering extended mode
 restricted \write18 enabled.
 %&-line parsing enabled.
**AnalisisSensibilidad_mpdh.tex
(./AnalisisSensibilidad_mpdh.tex
LaTeX2e <2022-11-01> patch level 1
L3 programming layer <2023-02-22> (/Users/mariajosezunigabasualto/Library/TinyTeX/texmf-dist/tex/latex/base/article.cls
Document Class: article 2022/07/02 v1.4n Standard LaTeX document class
(/Users/mariajosezunigabasualto/Library/TinyTeX/texmf-dist/tex/latex/base/size10.clo
File: size10.clo 2022/07/02 v1.4n Standard LaTeX file (size option)
)
\c@part=\count185
\c@section=\count186
\c@subsection=\count187
\c@subsubsection=\count188
\c@paragraph=\count189
\c@subparagraph=\count190
\c@figure=\count191
\c@table=\count192
\abovecaptionskip=\skip48
\belowcaptionskip=\skip49
\bibindent=\dimen140
) (/Users/mariajosezunigabasualto/Library/TinyTeX/texmf-dist/tex/latex/lm/lmodern.sty
Package: lmodern 2015/05/01 v1.6.1 Latin Modern Fonts
LaTeX Font Info:    Overwriting symbol font `operators' in version `normal'
(Font)                  OT1/cmr/m/n --> OT1/lmr/m/n on input line 22.
LaTeX Font Info:    Overwriting symbol font `letters' in version `normal'
(Font)                  OML/cmm/m/it --> OML/lmm/m/it on input line 23.
LaTeX Font Info:    Overwriting symbol font `symbols' in version `normal'
(Font)                  OMS/cmsy/m/n --> OMS/lmsy/m/n on input line 24.
LaTeX Font Info:    Overwriting symbol font `largesymbols' in version `normal'
(Font)                  OMX/cmex/m/n --> OMX/lmex/m/n on input line 25.
LaTeX Font Info:    Overwriting symbol font `operators' in version `bold'
(Font)                  OT1/cmr/bx/n --> OT1/lmr/bx/n on input line 26.
LaTeX Font Info:    Overwriting symbol font `letters' in version `bold'
(Font)                  OML/cmm/b/it --> OML/lmm/b/it on input line 27.
LaTeX Font Info:    Overwriting symbol font `symbols' in version `bold'
(Font)                  OMS/cmsy/b/n --> OMS/lmsy/b/n on input line 28.
LaTeX Font Info:    Overwriting symbol font `largesymbols' in version `bold'
(Font)                  OMX/cmex/m/n --> OMX/lmex/m/n on input line 29.
LaTeX Font Info:    Overwriting math alphabet `\mathbf' in version `normal'
(Font)                  OT1/cmr/bx/n --> OT1/lmr/bx/n on input line 31.
LaTeX Font Info:    Overwriting math alphabet `\mathsf' in version `normal'
(Font)                  OT1/cmss/m/n --> OT1/lmss/m/n on input line 32.
LaTeX Font Info:    Overwriting math alphabet `\mathit' in version `normal'
(Font)                  OT1/cmr/m/it --> OT1/lmr/m/it on input line 33.
LaTeX Font Info:    Overwriting math alphabet `\mathtt' in version `normal'
(Font)                  OT1/cmtt/m/n --> OT1/lmtt/m/n on input line 34.
LaTeX Font Info:    Overwriting math alphabet `\mathbf' in version `bold'
(Font)                  OT1/cmr/bx/n --> OT1/lmr/bx/n on input line 35.
LaTeX Font Info:    Overwriting math alphabet `\mathsf' in version `bold'
(Font)                  OT1/cmss/bx/n --> OT1/lmss/bx/n on input line 36.
LaTeX Font Info:    Overwriting math alphabet `\mathit' in version `bold'
(Font)                  OT1/cmr/bx/it --> OT1/lmr/bx/it on input line 37.
LaTeX Font Info:    Overwriting math alphabet `\mathtt' in version `bold'
(Font)                  OT1/cmtt/m/n --> OT1/lmtt/m/n on input line 38.
) (/Users/mariajosezunigabasualto/Library/TinyTeX/texmf-dist/tex/latex/amsfonts/amssymb.sty
Package: amssymb 2013/01/14 v3.01 AMS font symbols
(/Users/mariajosezunigabasualto/Library/TinyTeX/texmf-dist/tex/latex/amsfonts/amsfonts.sty
Package: amsfonts 2013/01/14 v3.01 Basic AMSFonts support
\@emptytoks=\toks16
\symAMSa=\mathgroup4
\symAMSb=\mathgroup5
LaTeX Font Info:    Redeclaring math symbol \hbar on input line 98.
LaTeX Font Info:    Overwriting math alphabet `\mathfrak' in version `bold'
(Font)                  U/euf/m/n --> U/euf/b/n on input line 106.
)) (/Users/mariajosezunigabasualto/Library/TinyTeX/texmf-dist/tex/latex/amsmath/amsmath.sty
Package: amsmath 2022/04/08 v2.17n AMS math features
\@mathmargin=\skip50
For additional information on amsmath, use the `?' option.
(/Users/mariajosezunigabasualto/Library/TinyTeX/texmf-dist/tex/latex/amsmath/amstext.sty
Package: amstext 2021/08/26 v2.01 AMS text
(/Users/mariajosezunigabasualto/Library/TinyTeX/texmf-dist/tex/latex/amsmath/amsgen.sty
File: amsgen.sty 1999/11/30 v2.0 generic functions
\@emptytoks=\toks17
\ex@=\dimen141
)) (/Users/mariajosezunigabasualto/Library/TinyTeX/texmf-dist/tex/latex/amsmath/amsbsy.sty
Package: amsbsy 1999/11/29 v1.2d Bold Symbols
\pmbraise@=\dimen142
) (/Users/mariajosezunigabasualto/Library/TinyTeX/texmf-dist/tex/latex/amsmath/amsopn.sty
Package: amsopn 2022/04/08 v2.04 operator names
)
\inf@bad=\count193
LaTeX Info: Redefining \frac on input line 234.
\uproot@=\count194
\leftroot@=\count195
LaTeX Info: Redefining \overline on input line 399.
LaTeX Info: Redefining \colon on input line 410.
\classnum@=\count196
\DOTSCASE@=\count197
LaTeX Info: Redefining \ldots on input line 496.
LaTeX Info: Redefining \dots on input line 499.
LaTeX Info: Redefining \cdots on input line 620.
\Mathstrutbox@=\box51
\strutbox@=\box52
LaTeX Info: Redefining \big on input line 722.
LaTeX Info: Redefining \Big on input line 723.
LaTeX Info: Redefining \bigg on input line 724.
LaTeX Info: Redefining \Bigg on input line 725.
\big@size=\dimen143
LaTeX Font Info:    Redeclaring font encoding OML on input line 743.
LaTeX Font Info:    Redeclaring font encoding OMS on input line 744.
\macc@depth=\count198
LaTeX Info: Redefining \bmod on input line 905.
LaTeX Info: Redefining \pmod on input line 910.
LaTeX Info: Redefining \smash on input line 940.
LaTeX Info: Redefining \relbar on input line 970.
LaTeX Info: Redefining \Relbar on input line 971.
\c@MaxMatrixCols=\count199
\dotsspace@=\muskip16
\c@parentequation=\count266
\dspbrk@lvl=\count267
\tag@help=\toks18
\row@=\count268
\column@=\count269
\maxfields@=\count270
\andhelp@=\toks19
\eqnshift@=\dimen144
\alignsep@=\dimen145
\tagshift@=\dimen146
\tagwidth@=\dimen147
\totwidth@=\dimen148
\lineht@=\dimen149
\@envbody=\toks20
\multlinegap=\skip51
\multlinetaggap=\skip52
\mathdisplay@stack=\toks21
LaTeX Info: Redefining \[ on input line 2953.
LaTeX Info: Redefining \] on input line 2954.
) (/Users/mariajosezunigabasualto/Library/TinyTeX/texmf-dist/tex/generic/iftex/ifxetex.sty
Package: ifxetex 2019/10/25 v0.7 ifxetex legacy package. Use iftex instead.
(/Users/mariajosezunigabasualto/Library/TinyTeX/texmf-dist/tex/generic/iftex/iftex.sty
Package: iftex 2022/02/03 v1.0f TeX engine tests
)) (/Users/mariajosezunigabasualto/Library/TinyTeX/texmf-dist/tex/generic/iftex/ifluatex.sty
Package: ifluatex 2019/10/25 v1.5 ifluatex legacy package. Use iftex instead.
) (/Users/mariajosezunigabasualto/Library/TinyTeX/texmf-dist/tex/latex/base/fontenc.sty
Package: fontenc 2021/04/29 v2.0v Standard LaTeX package
LaTeX Font Info:    Trying to load font information for T1+lmr on input line 112.
(/Users/mariajosezunigabasualto/Library/TinyTeX/texmf-dist/tex/latex/lm/t1lmr.fd
File: t1lmr.fd 2015/05/01 v1.6.1 Font defs for Latin Modern
)) (/Users/mariajosezunigabasualto/Library/TinyTeX/texmf-dist/tex/latex/base/inputenc.sty
Package: inputenc 2021/02/14 v1.3d Input encoding file
\inpenc@prehook=\toks22
\inpenc@posthook=\toks23
) (/Users/mariajosezunigabasualto/Library/TinyTeX/texmf-dist/tex/latex/base/textcomp.sty
Package: textcomp 2020/02/02 v2.0n Standard LaTeX package
) (/Users/mariajosezunigabasualto/Library/TinyTeX/texmf-dist/tex/latex/microtype/microtype.sty
Package: microtype 2023/03/13 v3.1a Micro-typographical refinements (RS)
(/Users/mariajosezunigabasualto/Library/TinyTeX/texmf-dist/tex/latex/graphics/keyval.sty
Package: keyval 2022/05/29 v1.15 key=value parser (DPC)
\KV@toks@=\toks24
) (/Users/mariajosezunigabasualto/Library/TinyTeX/texmf-dist/tex/latex/etoolbox/etoolbox.sty
Package: etoolbox 2020/10/05 v2.5k e-TeX tools for LaTeX (JAW)
\etb@tempcnta=\count271
)
\MT@toks=\toks25
\MT@tempbox=\box53
\MT@count=\count272
LaTeX Info: Redefining \noprotrusionifhmode on input line 1059.
LaTeX Info: Redefining \leftprotrusion on input line 1060.
\MT@prot@toks=\toks26
LaTeX Info: Redefining \rightprotrusion on input line 1078.
LaTeX Info: Redefining \textls on input line 1368.
\MT@outer@kern=\dimen150
LaTeX Info: Redefining \textmicrotypecontext on input line 1988.
\MT@listname@count=\count273
(/Users/mariajosezunigabasualto/Library/TinyTeX/texmf-dist/tex/latex/microtype/microtype-pdftex.def
File: microtype-pdftex.def 2023/03/13 v3.1a Definitions specific to pdftex (RS)
LaTeX Info: Redefining \lsstyle on input line 902.
LaTeX Info: Redefining \lslig on input line 902.
\MT@outer@space=\skip53
)
Package microtype Info: Loading configuration file microtype.cfg.
(/Users/mariajosezunigabasualto/Library/TinyTeX/texmf-dist/tex/latex/microtype/microtype.cfg
File: microtype.cfg 2023/03/13 v3.1a microtype main configuration file (RS)
)) (/Users/mariajosezunigabasualto/Library/TinyTeX/texmf-dist/tex/latex/parskip/parskip.sty
Package: parskip 2021-03-14 v2.0h non-zero parskip adjustments
(/Users/mariajosezunigabasualto/Library/TinyTeX/texmf-dist/tex/latex/kvoptions/kvoptions.sty
Package: kvoptions 2022-06-15 v3.15 Key value format for package options (HO)
(/Users/mariajosezunigabasualto/Library/TinyTeX/texmf-dist/tex/generic/ltxcmds/ltxcmds.sty
Package: ltxcmds 2020-05-10 v1.25 LaTeX kernel commands for general use (HO)
) (/Users/mariajosezunigabasualto/Library/TinyTeX/texmf-dist/tex/latex/kvsetkeys/kvsetkeys.sty
Package: kvsetkeys 2022-10-05 v1.19 Key value parser (HO)
))) (/Users/mariajosezunigabasualto/Library/TinyTeX/texmf-dist/tex/latex/xcolor/xcolor.sty
Package: xcolor 2022/06/12 v2.14 LaTeX color extensions (UK)
(/Users/mariajosezunigabasualto/Library/TinyTeX/texmf-dist/tex/latex/graphics-cfg/color.cfg
File: color.cfg 2016/01/02 v1.6 sample color configuration
)
Package xcolor Info: Driver file: pdftex.def on input line 227.
(/Users/mariajosezunigabasualto/Library/TinyTeX/texmf-dist/tex/latex/graphics-def/pdftex.def
File: pdftex.def 2022/09/22 v1.2b Graphics/color driver for pdftex
) (/Users/mariajosezunigabasualto/Library/TinyTeX/texmf-dist/tex/latex/graphics/mathcolor.ltx)
Package xcolor Info: Model `cmy' substituted by `cmy0' on input line 1353.
Package xcolor Info: Model `hsb' substituted by `rgb' on input line 1357.
Package xcolor Info: Model `RGB' extended on input line 1369.
Package xcolor Info: Model `HTML' substituted by `rgb' on input line 1371.
Package xcolor Info: Model `Hsb' substituted by `hsb' on input line 1372.
Package xcolor Info: Model `tHsb' substituted by `hsb' on input line 1373.
Package xcolor Info: Model `HSB' substituted by `hsb' on input line 1374.
Package xcolor Info: Model `Gray' substituted by `gray' on input line 1375.
Package xcolor Info: Model `wave' substituted by `hsb' on input line 1376.
) (/Users/mariajosezunigabasualto/Library/TinyTeX/texmf-dist/tex/latex/hyperref/hyperref.sty
Package: hyperref 2023-02-07 v7.00v Hypertext links for LaTeX
(/Users/mariajosezunigabasualto/Library/TinyTeX/texmf-dist/tex/generic/pdftexcmds/pdftexcmds.sty
Package: pdftexcmds 2020-06-27 v0.33 Utility functions of pdfTeX for LuaTeX (HO)
(/Users/mariajosezunigabasualto/Library/TinyTeX/texmf-dist/tex/generic/infwarerr/infwarerr.sty
Package: infwarerr 2019/12/03 v1.5 Providing info/warning/error messages (HO)
)
Package pdftexcmds Info: \pdf@primitive is available.
Package pdftexcmds Info: \pdf@ifprimitive is available.
Package pdftexcmds Info: \pdfdraftmode found.
) (/Users/mariajosezunigabasualto/Library/TinyTeX/texmf-dist/tex/generic/kvdefinekeys/kvdefinekeys.sty
Package: kvdefinekeys 2019-12-19 v1.6 Define keys (HO)
) (/Users/mariajosezunigabasualto/Library/TinyTeX/texmf-dist/tex/generic/pdfescape/pdfescape.sty
Package: pdfescape 2019/12/09 v1.15 Implements pdfTeX's escape features (HO)
) (/Users/mariajosezunigabasualto/Library/TinyTeX/texmf-dist/tex/latex/hycolor/hycolor.sty
Package: hycolor 2020-01-27 v1.10 Color options for hyperref/bookmark (HO)
) (/Users/mariajosezunigabasualto/Library/TinyTeX/texmf-dist/tex/latex/letltxmacro/letltxmacro.sty
Package: letltxmacro 2019/12/03 v1.6 Let assignment for LaTeX macros (HO)
) (/Users/mariajosezunigabasualto/Library/TinyTeX/texmf-dist/tex/latex/auxhook/auxhook.sty
Package: auxhook 2019-12-17 v1.6 Hooks for auxiliary files (HO)
) (/Users/mariajosezunigabasualto/Library/TinyTeX/texmf-dist/tex/latex/hyperref/nameref.sty
Package: nameref 2022-05-17 v2.50 Cross-referencing by name of section
(/Users/mariajosezunigabasualto/Library/TinyTeX/texmf-dist/tex/latex/refcount/refcount.sty
Package: refcount 2019/12/15 v3.6 Data extraction from label references (HO)
) (/Users/mariajosezunigabasualto/Library/TinyTeX/texmf-dist/tex/generic/gettitlestring/gettitlestring.sty
Package: gettitlestring 2019/12/15 v1.6 Cleanup title references (HO)
)
\c@section@level=\count274
)
\@linkdim=\dimen151
\Hy@linkcounter=\count275
\Hy@pagecounter=\count276
(/Users/mariajosezunigabasualto/Library/TinyTeX/texmf-dist/tex/latex/hyperref/pd1enc.def
File: pd1enc.def 2023-02-07 v7.00v Hyperref: PDFDocEncoding definition (HO)
Now handling font encoding PD1 ...
... no UTF-8 mapping file for font encoding PD1
) (/Users/mariajosezunigabasualto/Library/TinyTeX/texmf-dist/tex/generic/intcalc/intcalc.sty
Package: intcalc 2019/12/15 v1.3 Expandable calculations with integers (HO)
) (/Users/mariajosezunigabasualto/Library/TinyTeX/texmf-dist/tex/generic/etexcmds/etexcmds.sty
Package: etexcmds 2019/12/15 v1.7 Avoid name clashes with e-TeX commands (HO)
)
\Hy@SavedSpaceFactor=\count277
(/Users/mariajosezunigabasualto/Library/TinyTeX/texmf-dist/tex/latex/hyperref/puenc.def
File: puenc.def 2023-02-07 v7.00v Hyperref: PDF Unicode definition (HO)
Now handling font encoding PU ...
... no UTF-8 mapping file for font encoding PU
)
Package hyperref Info: Option `unicode' set `true' on input line 4060.
Package hyperref Info: Hyper figures OFF on input line 4177.
Package hyperref Info: Link nesting OFF on input line 4182.
Package hyperref Info: Hyper index ON on input line 4185.
Package hyperref Info: Plain pages OFF on input line 4192.
Package hyperref Info: Backreferencing OFF on input line 4197.
Package hyperref Info: Implicit mode ON; LaTeX internals redefined.
Package hyperref Info: Bookmarks ON on input line 4425.
\c@Hy@tempcnt=\count278
(/Users/mariajosezunigabasualto/Library/TinyTeX/texmf-dist/tex/latex/url/url.sty
\Urlmuskip=\muskip17
Package: url 2013/09/16  ver 3.4  Verb mode for urls, etc.
)
LaTeX Info: Redefining \url on input line 4763.
\XeTeXLinkMargin=\dimen152
(/Users/mariajosezunigabasualto/Library/TinyTeX/texmf-dist/tex/generic/bitset/bitset.sty
Package: bitset 2019/12/09 v1.3 Handle bit-vector datatype (HO)
(/Users/mariajosezunigabasualto/Library/TinyTeX/texmf-dist/tex/generic/bigintcalc/bigintcalc.sty
Package: bigintcalc 2019/12/15 v1.5 Expandable calculations on big integers (HO)
))
\Fld@menulength=\count279
\Field@Width=\dimen153
\Fld@charsize=\dimen154
Package hyperref Info: Hyper figures OFF on input line 6042.
Package hyperref Info: Link nesting OFF on input line 6047.
Package hyperref Info: Hyper index ON on input line 6050.
Package hyperref Info: backreferencing OFF on input line 6057.
Package hyperref Info: Link coloring OFF on input line 6062.
Package hyperref Info: Link coloring with OCG OFF on input line 6067.
Package hyperref Info: PDF/A mode OFF on input line 6072.
(/Users/mariajosezunigabasualto/Library/TinyTeX/texmf-dist/tex/latex/base/atbegshi-ltx.sty
Package: atbegshi-ltx 2021/01/10 v1.0c Emulation of the original atbegshi
package with kernel methods
)
\Hy@abspage=\count280
\c@Item=\count281
\c@Hfootnote=\count282
)
Package hyperref Info: Driver (autodetected): hpdftex.
(/Users/mariajosezunigabasualto/Library/TinyTeX/texmf-dist/tex/latex/hyperref/hpdftex.def
File: hpdftex.def 2023-02-07 v7.00v Hyperref driver for pdfTeX
(/Users/mariajosezunigabasualto/Library/TinyTeX/texmf-dist/tex/latex/base/atveryend-ltx.sty
Package: atveryend-ltx 2020/08/19 v1.0a Emulation of the original atveryend package
with kernel methods
)
\Fld@listcount=\count283
\c@bookmark@seq@number=\count284
(/Users/mariajosezunigabasualto/Library/TinyTeX/texmf-dist/tex/latex/rerunfilecheck/rerunfilecheck.sty
Package: rerunfilecheck 2022-07-10 v1.10 Rerun checks for auxiliary files (HO)
(/Users/mariajosezunigabasualto/Library/TinyTeX/texmf-dist/tex/generic/uniquecounter/uniquecounter.sty
Package: uniquecounter 2019/12/15 v1.4 Provide unlimited unique counter (HO)
)
Package uniquecounter Info: New unique counter `rerunfilecheck' on input line 285.
)
\Hy@SectionHShift=\skip54
) (/Users/mariajosezunigabasualto/Library/TinyTeX/texmf-dist/tex/latex/geometry/geometry.sty
Package: geometry 2020/01/02 v5.9 Page Geometry
(/Users/mariajosezunigabasualto/Library/TinyTeX/texmf-dist/tex/generic/iftex/ifvtex.sty
Package: ifvtex 2019/10/25 v1.7 ifvtex legacy package. Use iftex instead.
)
\Gm@cnth=\count285
\Gm@cntv=\count286
\c@Gm@tempcnt=\count287
\Gm@bindingoffset=\dimen155
\Gm@wd@mp=\dimen156
\Gm@odd@mp=\dimen157
\Gm@even@mp=\dimen158
\Gm@layoutwidth=\dimen159
\Gm@layoutheight=\dimen160
\Gm@layouthoffset=\dimen161
\Gm@layoutvoffset=\dimen162
\Gm@dimlist=\toks27
) (/Users/mariajosezunigabasualto/Library/TinyTeX/texmf-dist/tex/latex/tools/longtable.sty
Package: longtable 2021-09-01 v4.17 Multi-page Table package (DPC)
\LTleft=\skip55
\LTright=\skip56
\LTpre=\skip57
\LTpost=\skip58
\LTchunksize=\count288
\LTcapwidth=\dimen163
\LT@head=\box54
\LT@firsthead=\box55
\LT@foot=\box56
\LT@lastfoot=\box57
\LT@gbox=\box58
\LT@cols=\count289
\LT@rows=\count290
\c@LT@tables=\count291
\c@LT@chunks=\count292
\LT@p@ftn=\toks28
) (/Users/mariajosezunigabasualto/Library/TinyTeX/texmf-dist/tex/latex/booktabs/booktabs.sty
Package: booktabs 2020/01/12 v1.61803398 Publication quality tables
\heavyrulewidth=\dimen164
\lightrulewidth=\dimen165
\cmidrulewidth=\dimen166
\belowrulesep=\dimen167
\belowbottomsep=\dimen168
\aboverulesep=\dimen169
\abovetopsep=\dimen170
\cmidrulesep=\dimen171
\cmidrulekern=\dimen172
\defaultaddspace=\dimen173
\@cmidla=\count293
\@cmidlb=\count294
\@aboverulesep=\dimen174
\@belowrulesep=\dimen175
\@thisruleclass=\count295
\@lastruleclass=\count296
\@thisrulewidth=\dimen176
) (/Users/mariajosezunigabasualto/Library/TinyTeX/texmf-dist/tex/latex/mdwtools/footnote.sty
Package: footnote 1997/01/28 1.13 Save footnotes around boxes
\fn@notes=\box59
\fn@width=\dimen177
) (/Users/mariajosezunigabasualto/Library/TinyTeX/texmf-dist/tex/latex/graphics/graphicx.sty
Package: graphicx 2021/09/16 v1.2d Enhanced LaTeX Graphics (DPC,SPQR)
(/Users/mariajosezunigabasualto/Library/TinyTeX/texmf-dist/tex/latex/graphics/graphics.sty
Package: graphics 2022/03/10 v1.4e Standard LaTeX Graphics (DPC,SPQR)
(/Users/mariajosezunigabasualto/Library/TinyTeX/texmf-dist/tex/latex/graphics/trig.sty
Package: trig 2021/08/11 v1.11 sin cos tan (DPC)
) (/Users/mariajosezunigabasualto/Library/TinyTeX/texmf-dist/tex/latex/graphics-cfg/graphics.cfg
File: graphics.cfg 2016/06/04 v1.11 sample graphics configuration
)
Package graphics Info: Driver file: pdftex.def on input line 107.
)
\Gin@req@height=\dimen178
\Gin@req@width=\dimen179
) (/Users/mariajosezunigabasualto/Library/TinyTeX/texmf-dist/tex/latex/draftwatermark/draftwatermark.sty
Package: draftwatermark 2020/12/08 3.0 Put a gray textual watermark on document pages
) (/Users/mariajosezunigabasualto/Library/TinyTeX/texmf-dist/tex/latex/fancyhdr/fancyhdr.sty
Package: fancyhdr 2022/11/09 v4.1 Extensive control of page headers and footers
\f@nch@headwidth=\skip59
\f@nch@O@elh=\skip60
\f@nch@O@erh=\skip61
\f@nch@O@olh=\skip62
\f@nch@O@orh=\skip63
\f@nch@O@elf=\skip64
\f@nch@O@erf=\skip65
\f@nch@O@olf=\skip66
\f@nch@O@orf=\skip67
) (/Users/mariajosezunigabasualto/Library/TinyTeX/texmf-dist/tex/latex/caption/caption.sty
Package: caption 2022/03/01 v3.6b Customizing captions (AR)
(/Users/mariajosezunigabasualto/Library/TinyTeX/texmf-dist/tex/latex/caption/caption3.sty
Package: caption3 2022/03/17 v2.3b caption3 kernel (AR)
\caption@tempdima=\dimen180
\captionmargin=\dimen181
\caption@leftmargin=\dimen182
\caption@rightmargin=\dimen183
\caption@width=\dimen184
\caption@indent=\dimen185
\caption@parindent=\dimen186
\caption@hangindent=\dimen187
Package caption Info: Standard document class detected.
)
\c@caption@flags=\count297
\c@continuedfloat=\count298
Package caption Info: hyperref package is loaded.
Package caption Info: longtable package is loaded.
(/Users/mariajosezunigabasualto/Library/TinyTeX/texmf-dist/tex/latex/caption/ltcaption.sty
Package: ltcaption 2021/01/08 v1.4c longtable captions (AR)
)) (/Users/mariajosezunigabasualto/Library/TinyTeX/texmf-dist/tex/latex/psnfss/helvet.sty
Package: helvet 2020/03/25 PSNFSS-v9.3 (WaS) 
) (/Users/mariajosezunigabasualto/Library/TinyTeX/texmf-dist/tex/generic/babel/babel.sty
Package: babel 2023/02/13 3.86 The Babel package
\babel@savecnt=\count299
\U@D=\dimen188
\l@unhyphenated=\language4
(/Users/mariajosezunigabasualto/Library/TinyTeX/texmf-dist/tex/generic/babel/txtbabel.def)
\bbl@readstream=\read2
\bbl@dirlevel=\count300
Package babel Info: Main language set with 'main='. Except if you have
(babel)             problems, prefer the default mechanism for setting
(babel)             the main language. Reported on input line 4332.
(/Users/mariajosezunigabasualto/Library/TinyTeX/texmf-dist/tex/generic/babel-spanish/spanish.ldf
Language: spanish.ldf 2021/05/27 v5.0q Spanish support from the babel system
\es@quottoks=\toks29
\es@quotdepth=\count301
)) (/Users/mariajosezunigabasualto/Library/TinyTeX/texmf-dist/tex/generic/babel/locale/es/babel-spanish.tex
Package babel Info: Importing font and identification data for spanish
(babel)             from babel-es.ini. Reported on input line 11.
)
LaTeX Font Info:    Trying to load font information for T1+phv on input line 101.
(/Users/mariajosezunigabasualto/Library/TinyTeX/texmf-dist/tex/latex/psnfss/t1phv.fd
File: t1phv.fd 2020/03/25 scalable font definitions for T1/phv.
) (/Users/mariajosezunigabasualto/Library/TinyTeX/texmf-dist/tex/latex/l3backend/l3backend-pdftex.def
File: l3backend-pdftex.def 2023-01-16 L3 backend support: PDF output (pdfTeX)
\l__color_backend_stack_int=\count302
\l__pdf_internal_box=\box60
) (./AnalisisSensibilidad_mpdh.aux
LaTeX Info: Redefining \. on input line 19.
LaTeX Info: Redefining \% on input line 19.
)
\openout1 = `AnalisisSensibilidad_mpdh.aux'.

LaTeX Font Info:    Checking defaults for OML/cmm/m/it on input line 101.
LaTeX Font Info:    ... okay on input line 101.
LaTeX Font Info:    Checking defaults for OMS/cmsy/m/n on input line 101.
LaTeX Font Info:    ... okay on input line 101.
LaTeX Font Info:    Checking defaults for OT1/cmr/m/n on input line 101.
LaTeX Font Info:    ... okay on input line 101.
LaTeX Font Info:    Checking defaults for T1/cmr/m/n on input line 101.
LaTeX Font Info:    ... okay on input line 101.
LaTeX Font Info:    Checking defaults for TS1/cmr/m/n on input line 101.
LaTeX Font Info:    ... okay on input line 101.
LaTeX Font Info:    Checking defaults for OMX/cmex/m/n on input line 101.
LaTeX Font Info:    ... okay on input line 101.
LaTeX Font Info:    Checking defaults for U/cmr/m/n on input line 101.
LaTeX Font Info:    ... okay on input line 101.
LaTeX Font Info:    Checking defaults for PD1/pdf/m/n on input line 101.
LaTeX Font Info:    ... okay on input line 101.
LaTeX Font Info:    Checking defaults for PU/pdf/m/n on input line 101.
LaTeX Font Info:    ... okay on input line 101.
LaTeX Info: Redefining \microtypecontext on input line 101.
Package microtype Info: Applying patch `item' on input line 101.
Package microtype Info: Applying patch `toc' on input line 101.
Package microtype Info: Applying patch `eqnum' on input line 101.
Package microtype Info: Applying patch `footnote' on input line 101.
Package microtype Info: Applying patch `verbatim' on input line 101.
Package microtype Info: Generating PDF output.
Package microtype Info: Character protrusion enabled (level 2).
Package microtype Info: Using protrusion set `basicmath'.
Package microtype Info: Automatic font expansion enabled (level 2),
(microtype)             stretch: 20, shrink: 20, step: 1, non-selected.
Package microtype Info: Using default expansion set `alltext-nott'.
LaTeX Info: Redefining \showhyphens on input line 101.
Package microtype Info: No adjustment of tracking.
Package microtype Info: No adjustment of interword spacing.
Package microtype Info: No adjustment of character kerning.
Package microtype Info: Loading generic protrusion settings for font family
(microtype)             `phv' (encoding: T1).
(microtype)             For optimal results, create family-specific settings.
(microtype)             See the microtype manual for details.
(/Users/mariajosezunigabasualto/Library/TinyTeX/texmf-dist/tex/latex/epstopdf-pkg/epstopdf-base.sty
Package: epstopdf-base 2020-01-24 v2.11 Base part for package epstopdf
(/Users/mariajosezunigabasualto/Library/TinyTeX/texmf-dist/tex/latex/grfext/grfext.sty
Package: grfext 2019/12/03 v1.3 Manage graphics extensions (HO)
)
Package epstopdf-base Info: Redefining graphics rule for `.eps' on input line 485.
Package grfext Info: Graphics extension search list:
(grfext)             [.pdf,.png,.jpg,.mps,.jpeg,.jbig2,.jb2,.PDF,.PNG,.JPG,.JPEG,.JBIG2,.JB2,.eps]
(grfext)             \AppendGraphicsExtensions on input line 504.
(/Users/mariajosezunigabasualto/Library/TinyTeX/texmf-dist/tex/latex/latexconfig/epstopdf-sys.cfg
File: epstopdf-sys.cfg 2010/07/13 v1.3 Configuration of (r)epstopdf for TeX Live
))
Package hyperref Info: Link coloring OFF on input line 101.
(./AnalisisSensibilidad_mpdh.out) (./AnalisisSensibilidad_mpdh.out)
\@outlinefile=\write3
\openout3 = `AnalisisSensibilidad_mpdh.out'.

*geometry* driver: auto-detecting
*geometry* detected driver: pdftex
*geometry* verbose mode - [ preamble ] result:
* driver: pdftex
* paper: <default>
* layout: <same size as paper>
* layoutoffset:(h,v)=(0.0pt,0.0pt)
* modes: 
* h-part:(L,W,R)=(71.13188pt, 472.03123pt, 71.13188pt)
* v-part:(T,H,B)=(42.67912pt, 723.83812pt, 28.45274pt)
* \paperwidth=614.295pt
* \paperheight=794.96999pt
* \textwidth=472.03123pt
* \textheight=723.83812pt
* \oddsidemargin=-1.1381pt
* \evensidemargin=-1.1381pt
* \topmargin=-66.59087pt
* \headheight=12.0pt
* \headsep=25.0pt
* \topskip=10.0pt
* \footskip=30.0pt
* \marginparwidth=65.0pt
* \marginparsep=11.0pt
* \columnsep=10.0pt
* \skip\footins=9.0pt plus 4.0pt minus 2.0pt
* \hoffset=0.0pt
* \voffset=0.0pt
* \mag=1000
* \@twocolumnfalse
* \@twosidefalse
* \@mparswitchfalse
* \@reversemarginfalse
* (1in=72.27pt=25.4mm, 1cm=28.453pt)

Package caption Info: Begin \AtBeginDocument code.
Package caption Info: End \AtBeginDocument code.
LaTeX Info: Redefining \. on input line 101.
LaTeX Info: Redefining \% on input line 101.
LaTeX Font Info:    Trying to load font information for OT1+lmr on input line 103.
(/Users/mariajosezunigabasualto/Library/TinyTeX/texmf-dist/tex/latex/lm/ot1lmr.fd
File: ot1lmr.fd 2015/05/01 v1.6.1 Font defs for Latin Modern
) (/Users/mariajosezunigabasualto/Library/TinyTeX/texmf-dist/tex/latex/microtype/mt-cmr.cfg
File: mt-cmr.cfg 2013/05/19 v2.2 microtype config. file: Computer Modern Roman (RS)
)
LaTeX Font Info:    Trying to load font information for OML+lmm on input line 103.
(/Users/mariajosezunigabasualto/Library/TinyTeX/texmf-dist/tex/latex/lm/omllmm.fd
File: omllmm.fd 2015/05/01 v1.6.1 Font defs for Latin Modern
)
LaTeX Font Info:    Trying to load font information for OMS+lmsy on input line 103.
(/Users/mariajosezunigabasualto/Library/TinyTeX/texmf-dist/tex/latex/lm/omslmsy.fd
File: omslmsy.fd 2015/05/01 v1.6.1 Font defs for Latin Modern
)
LaTeX Font Info:    Trying to load font information for OMX+lmex on input line 103.
(/Users/mariajosezunigabasualto/Library/TinyTeX/texmf-dist/tex/latex/lm/omxlmex.fd
File: omxlmex.fd 2015/05/01 v1.6.1 Font defs for Latin Modern
)
LaTeX Font Info:    External font `lmex10' loaded for size
(Font)              <12> on input line 103.
LaTeX Font Info:    External font `lmex10' loaded for size
(Font)              <8> on input line 103.
LaTeX Font Info:    External font `lmex10' loaded for size
(Font)              <6> on input line 103.
LaTeX Font Info:    Trying to load font information for U+msa on input line 103.
(/Users/mariajosezunigabasualto/Library/TinyTeX/texmf-dist/tex/latex/amsfonts/umsa.fd
File: umsa.fd 2013/01/14 v3.01 AMS symbols A
) (/Users/mariajosezunigabasualto/Library/TinyTeX/texmf-dist/tex/latex/microtype/mt-msa.cfg
File: mt-msa.cfg 2006/02/04 v1.1 microtype config. file: AMS symbols (a) (RS)
)
LaTeX Font Info:    Trying to load font information for U+msb on input line 103.
(/Users/mariajosezunigabasualto/Library/TinyTeX/texmf-dist/tex/latex/amsfonts/umsb.fd
File: umsb.fd 2013/01/14 v3.01 AMS symbols B
) (/Users/mariajosezunigabasualto/Library/TinyTeX/texmf-dist/tex/latex/microtype/mt-msb.cfg
File: mt-msb.cfg 2005/06/01 v1.0 microtype config. file: AMS symbols (b) (RS)
) (./AnalisisSensibilidad_mpdh.toc
LaTeX Info: Redefining \. on input line 1.
LaTeX Info: Redefining \% on input line 1.
LaTeX Font Info:    External font `lmex10' loaded for size
(Font)              <10> on input line 2.
LaTeX Font Info:    External font `lmex10' loaded for size
(Font)              <7> on input line 2.
LaTeX Font Info:    External font `lmex10' loaded for size
(Font)              <5> on input line 2.
)
\tf@toc=\write4
\openout4 = `AnalisisSensibilidad_mpdh.toc'.

[1

{/Users/mariajosezunigabasualto/Library/TinyTeX/texmf-var/fonts/map/pdftex/updmap/pdftex.map}]
LaTeX Font Info:    Trying to load font information for TS1+phv on input line 135.
(/Users/mariajosezunigabasualto/Library/TinyTeX/texmf-dist/tex/latex/psnfss/ts1phv.fd
File: ts1phv.fd 2020/03/25 scalable font definitions for TS1/phv.
)
<Figuras/areadesove_duracioncruceroCCTPPjulio-1.pdf, id=147, 722.7pt x 289.08pt>
File: Figuras/areadesove_duracioncruceroCCTPPjulio-1.pdf Graphic file (type pdf)
<use Figuras/areadesove_duracioncruceroCCTPPjulio-1.pdf>
Package pdftex.def Info: Figuras/areadesove_duracioncruceroCCTPPjulio-1.pdf  used on input line 167.
(pdftex.def)             Requested size: 472.03212pt x 188.81284pt.
LaTeX Info: Redefining \. on input line 170.
LaTeX Info: Redefining \% on input line 170.
LaTeX Info: Redefining \. on input line 170.
LaTeX Info: Redefining \% on input line 170.

Package fancyhdr Warning: \headheight is too small (12.0pt): 
(fancyhdr)                Make it at least 12.95494pt, for example:
(fancyhdr)                \setlength{\headheight}{12.95494pt}.
(fancyhdr)                You might also make \topmargin smaller to compensate:
(fancyhdr)                \addtolength{\topmargin}{-0.95494pt}.

[2 <./Figuras/areadesove_duracioncruceroCCTPPjulio-1.pdf>]

Package hyperref Warning: Difference (2) between bookmark levels is greater 
(hyperref)                than one, level fixed on input line 177.

<Figuras/Fig26_obj4_mph_1-1.pdf, id=165, 722.7pt x 289.08pt>
File: Figuras/Fig26_obj4_mph_1-1.pdf Graphic file (type pdf)
<use Figuras/Fig26_obj4_mph_1-1.pdf>
Package pdftex.def Info: Figuras/Fig26_obj4_mph_1-1.pdf  used on input line 181.
(pdftex.def)             Requested size: 472.03212pt x 188.81284pt.
<Figuras/Fig26_obj4_mph_2-1.pdf, id=166, 722.7pt x 289.08pt>
File: Figuras/Fig26_obj4_mph_2-1.pdf Graphic file (type pdf)
<use Figuras/Fig26_obj4_mph_2-1.pdf>
Package pdftex.def Info: Figuras/Fig26_obj4_mph_2-1.pdf  used on input line 188.
(pdftex.def)             Requested size: 472.03212pt x 188.81284pt.
<Figuras/Fig26_obj4_mph_3-1.pdf, id=167, 722.7pt x 289.08pt>
File: Figuras/Fig26_obj4_mph_3-1.pdf Graphic file (type pdf)
<use Figuras/Fig26_obj4_mph_3-1.pdf>
Package pdftex.def Info: Figuras/Fig26_obj4_mph_3-1.pdf  used on input line 195.
(pdftex.def)             Requested size: 472.03212pt x 188.81284pt.
LaTeX Info: Redefining \. on input line 195.
LaTeX Info: Redefining \% on input line 195.
[3 <./Figuras/Fig26_obj4_mph_1-1.pdf> <./Figuras/Fig26_obj4_mph_2-1.pdf>]
<Figuras/Fig26_obj4_mph_4-1.pdf, id=186, 722.7pt x 289.08pt>
File: Figuras/Fig26_obj4_mph_4-1.pdf Graphic file (type pdf)
<use Figuras/Fig26_obj4_mph_4-1.pdf>
Package pdftex.def Info: Figuras/Fig26_obj4_mph_4-1.pdf  used on input line 203.
(pdftex.def)             Requested size: 472.03212pt x 188.81284pt.
LaTeX Info: Redefining \. on input line 206.
LaTeX Info: Redefining \% on input line 206.
[4 <./Figuras/Fig26_obj4_mph_3-1.pdf> <./Figuras/Fig26_obj4_mph_4-1.pdf>]
LaTeX Info: Redefining \. on input line 211.
LaTeX Info: Redefining \% on input line 211.

Package fancyhdr Warning: \headheight is too small (12.0pt): 
(fancyhdr)                Make it at least 12.95494pt, for example:
(fancyhdr)                \setlength{\headheight}{12.95494pt}.
(fancyhdr)                You might also make \topmargin smaller to compensate:
(fancyhdr)                \addtolength{\topmargin}{-0.95494pt}.

[5]
LaTeX Info: Redefining \. on input line 225.
LaTeX Info: Redefining \% on input line 225.
[6]

Package hyperref Warning: Difference (2) between bookmark levels is greater 
(hyperref)                than one, level fixed on input line 233.

<Figuras/Fig1_verPob_mph_1-1.pdf, id=212, 578.16pt x 433.62pt>
File: Figuras/Fig1_verPob_mph_1-1.pdf Graphic file (type pdf)
<use Figuras/Fig1_verPob_mph_1-1.pdf>
Package pdftex.def Info: Figuras/Fig1_verPob_mph_1-1.pdf  used on input line 235.
(pdftex.def)             Requested size: 472.02992pt x 354.02245pt.
<Figuras/Fig1_verPob_mph_2-1.pdf, id=213, 578.16pt x 433.62pt>
File: Figuras/Fig1_verPob_mph_2-1.pdf Graphic file (type pdf)
<use Figuras/Fig1_verPob_mph_2-1.pdf>
Package pdftex.def Info: Figuras/Fig1_verPob_mph_2-1.pdf  used on input line 242.
(pdftex.def)             Requested size: 472.02992pt x 354.02245pt.
LaTeX Info: Redefining \. on input line 242.
LaTeX Info: Redefining \% on input line 242.
[7 <./Figuras/Fig1_verPob_mph_1-1.pdf>]
<Figuras/Fig1_verPob_mph_3-1.pdf, id=230, 578.16pt x 433.62pt>
File: Figuras/Fig1_verPob_mph_3-1.pdf Graphic file (type pdf)
<use Figuras/Fig1_verPob_mph_3-1.pdf>
Package pdftex.def Info: Figuras/Fig1_verPob_mph_3-1.pdf  used on input line 250.
(pdftex.def)             Requested size: 472.02992pt x 354.02245pt.
LaTeX Info: Redefining \. on input line 250.
LaTeX Info: Redefining \% on input line 250.
[8 <./Figuras/Fig1_verPob_mph_2-1.pdf>]
<Figuras/Fig1_verPob_mph_4-1.pdf, id=244, 578.16pt x 433.62pt>
File: Figuras/Fig1_verPob_mph_4-1.pdf Graphic file (type pdf)
<use Figuras/Fig1_verPob_mph_4-1.pdf>
Package pdftex.def Info: Figuras/Fig1_verPob_mph_4-1.pdf  used on input line 258.
(pdftex.def)             Requested size: 472.02992pt x 354.02245pt.
LaTeX Info: Redefining \. on input line 258.
LaTeX Info: Redefining \% on input line 258.
[9 <./Figuras/Fig1_verPob_mph_3-1.pdf>]
<Figuras/Fig2_diferencias_mph_1-1.pdf, id=258, 578.16pt x 578.16pt>
File: Figuras/Fig2_diferencias_mph_1-1.pdf Graphic file (type pdf)
<use Figuras/Fig2_diferencias_mph_1-1.pdf>
Package pdftex.def Info: Figuras/Fig2_diferencias_mph_1-1.pdf  used on input line 265.
(pdftex.def)             Requested size: 472.02992pt x 472.02992pt.
LaTeX Info: Redefining \. on input line 265.
LaTeX Info: Redefining \% on input line 265.
[10 <./Figuras/Fig1_verPob_mph_4-1.pdf>]
<Figuras/Fig2_diferencias_mph_2-1.pdf, id=272, 578.16pt x 578.16pt>
File: Figuras/Fig2_diferencias_mph_2-1.pdf Graphic file (type pdf)
<use Figuras/Fig2_diferencias_mph_2-1.pdf>
Package pdftex.def Info: Figuras/Fig2_diferencias_mph_2-1.pdf  used on input line 272.
(pdftex.def)             Requested size: 472.02992pt x 472.02992pt.
LaTeX Info: Redefining \. on input line 272.
LaTeX Info: Redefining \% on input line 272.
[11 <./Figuras/Fig2_diferencias_mph_1-1.pdf>]
<Figuras/Fig2_diferencias_mph_3-1.pdf, id=287, 578.16pt x 578.16pt>
File: Figuras/Fig2_diferencias_mph_3-1.pdf Graphic file (type pdf)
<use Figuras/Fig2_diferencias_mph_3-1.pdf>
Package pdftex.def Info: Figuras/Fig2_diferencias_mph_3-1.pdf  used on input line 280.
(pdftex.def)             Requested size: 472.02992pt x 472.02992pt.
LaTeX Info: Redefining \. on input line 280.
LaTeX Info: Redefining \% on input line 280.
[12 <./Figuras/Fig2_diferencias_mph_2-1.pdf>]
<Figuras/Fig2_diferencias_mph_4-1.pdf, id=301, 578.16pt x 578.16pt>
File: Figuras/Fig2_diferencias_mph_4-1.pdf Graphic file (type pdf)
<use Figuras/Fig2_diferencias_mph_4-1.pdf>
Package pdftex.def Info: Figuras/Fig2_diferencias_mph_4-1.pdf  used on input line 288.
(pdftex.def)             Requested size: 472.02992pt x 472.02992pt.
LaTeX Info: Redefining \. on input line 288.
LaTeX Info: Redefining \% on input line 288.
[13 <./Figuras/Fig2_diferencias_mph_3-1.pdf>]
LaTeX Info: Redefining \. on input line 291.
LaTeX Info: Redefining \% on input line 291.
[14 <./Figuras/Fig2_diferencias_mph_4-1.pdf>]
LaTeX Info: Redefining \. on input line 297.
LaTeX Info: Redefining \% on input line 297.
[15]
LaTeX Info: Redefining \. on input line 303.
LaTeX Info: Redefining \% on input line 303.
[16]
LaTeX Info: Redefining \. on input line 683.
LaTeX Info: Redefining \% on input line 683.
LaTeX Info: Redefining \. on input line 683.
LaTeX Info: Redefining \% on input line 683.
[17]
<AnalisisSensibilidad_mpdh_files/figure-latex/Fig5_ANEXO_II-1.pdf, id=345, 578.16pt x 433.62pt>
File: AnalisisSensibilidad_mpdh_files/figure-latex/Fig5_ANEXO_II-1.pdf Graphic file (type pdf)
<use AnalisisSensibilidad_mpdh_files/figure-latex/Fig5_ANEXO_II-1.pdf>
Package pdftex.def Info: AnalisisSensibilidad_mpdh_files/figure-latex/Fig5_ANEXO_II-1.pdf  used on input line 719.
(pdftex.def)             Requested size: 472.02992pt x 354.02245pt.
LaTeX Info: Redefining \. on input line 719.
LaTeX Info: Redefining \% on input line 719.
LaTeX Info: Redefining \. on input line 719.
LaTeX Info: Redefining \% on input line 719.
[18]
LaTeX Info: Redefining \. on input line 722.
LaTeX Info: Redefining \% on input line 722.
LaTeX Info: Redefining \. on input line 722.
LaTeX Info: Redefining \% on input line 722.
[19 <./AnalisisSensibilidad_mpdh_files/figure-latex/Fig5_ANEXO_II-1.pdf>]
LaTeX Font Info:    External font `lmex10' loaded for size
(Font)              <9> on input line 755.
LaTeX Info: Redefining \. on input line 1029.
LaTeX Info: Redefining \% on input line 1029.
LaTeX Info: Redefining \. on input line 1029.
LaTeX Info: Redefining \% on input line 1029.
[20]
<AnalisisSensibilidad_mpdh_files/figure-latex/Fig7_ANEXO_II-1.pdf, id=368, 578.16pt x 433.62pt>
File: AnalisisSensibilidad_mpdh_files/figure-latex/Fig7_ANEXO_II-1.pdf Graphic file (type pdf)
<use AnalisisSensibilidad_mpdh_files/figure-latex/Fig7_ANEXO_II-1.pdf>
Package pdftex.def Info: AnalisisSensibilidad_mpdh_files/figure-latex/Fig7_ANEXO_II-1.pdf  used on input line 1066.
(pdftex.def)             Requested size: 472.02992pt x 354.02245pt.
LaTeX Info: Redefining \. on input line 1066.
LaTeX Info: Redefining \% on input line 1066.
LaTeX Info: Redefining \. on input line 1066.
LaTeX Info: Redefining \% on input line 1066.
[21]

Package caption Warning: Unused \captionsetup[table] on input line 78.
See the caption package documentation for explanation.


Package caption Warning: Unused \captionsetup[figure] on input line 79.
See the caption package documentation for explanation.

LaTeX Info: Redefining \. on input line 1068.
LaTeX Info: Redefining \% on input line 1068.
LaTeX Info: Redefining \. on input line 1068.
LaTeX Info: Redefining \% on input line 1068.
[22 <./AnalisisSensibilidad_mpdh_files/figure-latex/Fig7_ANEXO_II-1.pdf>] (./AnalisisSensibilidad_mpdh.aux
LaTeX Info: Redefining \. on input line 19.
LaTeX Info: Redefining \% on input line 19.
)
Package rerunfilecheck Info: File `AnalisisSensibilidad_mpdh.out' has not changed.
(rerunfilecheck)             Checksum: A3231F33F6C0D0972E04ED1BC6D8D1F4;11721.
 ) 
Here is how much of TeX's memory you used:
 16445 strings out of 477966
 280013 string characters out of 5836078
 1887388 words of memory out of 5000000
 36134 multiletter control sequences out of 15000+600000
 576745 words of font info for 168 fonts, out of 8000000 for 9000
 14 hyphenation exceptions out of 8191
 63i,11n,76p,1022b,542s stack positions out of 10000i,1000n,20000p,200000b,200000s
{/Users/mariajosezunigabasualto/Library/TinyTeX/texmf-dist/fonts/enc/dvips/lm/lm-ec.enc}{/Users/mariajosezunigabasualto/Library/TinyTeX/texmf-dist/fonts/enc/dvips/base/8r.enc}</Users/mariajosezunigabasualto/Library/TinyTeX/texmf-dist/fonts/type1/public/lm/lmr10.pfb></Users/mariajosezunigabasualto/Library/TinyTeX/texmf-dist/fonts/type1/urw/helvetic/uhvb8a.pfb></Users/mariajosezunigabasualto/Library/TinyTeX/texmf-dist/fonts/type1/urw/helvetic/uhvr8a.pfb></Users/mariajosezunigabasualto/Library/TinyTeX/texmf-dist/fonts/type1/urw/helvetic/uhvro8a.pfb>
Output written on AnalisisSensibilidad_mpdh.pdf (22 pages, 237096 bytes).
PDF statistics:
 426 PDF objects out of 1000 (max. 8388607)
 360 compressed objects within 4 object streams
 79 named destinations out of 1000 (max. 500000)
 57620 words of extra memory for PDF output out of 61914 (max. 10000000)

